0 info it worked if it ends with ok
1 verbose cli [ '/usr/local/Cellar/node4-lts/4.2.4/bin/node',
1 verbose cli   '/usr/local/bin/npm',
1 verbose cli   'run',
1 verbose cli   'start' ]
2 info using npm@2.14.12
3 info using node@v4.2.4
4 verbose run-script [ 'prestart', 'start', 'poststart' ]
5 info prestart PatternLabStarter@6.0.0
6 verbose unsafe-perm in lifecycle true
7 info start PatternLabStarter@6.0.0
8 verbose unsafe-perm in lifecycle true
9 info PatternLabStarter@6.0.0 Failed to exec start script
10 verbose stack Error: PatternLabStarter@6.0.0 start: `gulp clean && gulp compile && gulp`
10 verbose stack Exit status 1
10 verbose stack     at EventEmitter.<anonymous> (/usr/local/lib/node_modules/npm/lib/utils/lifecycle.js:214:16)
10 verbose stack     at emitTwo (events.js:87:13)
10 verbose stack     at EventEmitter.emit (events.js:172:7)
10 verbose stack     at ChildProcess.<anonymous> (/usr/local/lib/node_modules/npm/lib/utils/spawn.js:24:14)
10 verbose stack     at emitTwo (events.js:87:13)
10 verbose stack     at ChildProcess.emit (events.js:172:7)
10 verbose stack     at maybeClose (internal/child_process.js:818:16)
10 verbose stack     at Process.ChildProcess._handle.onexit (internal/child_process.js:211:5)
11 verbose pkgid PatternLabStarter@6.0.0
12 verbose cwd /Users/mason/www/codingdesigner/tcd-2016-b
13 error Darwin 15.3.0
14 error argv "/usr/local/Cellar/node4-lts/4.2.4/bin/node" "/usr/local/bin/npm" "run" "start"
15 error node v4.2.4
16 error npm  v2.14.12
17 error code ELIFECYCLE
18 error PatternLabStarter@6.0.0 start: `gulp clean && gulp compile && gulp`
18 error Exit status 1
19 error Failed at the PatternLabStarter@6.0.0 start script 'gulp clean && gulp compile && gulp'.
19 error This is most likely a problem with the PatternLabStarter package,
19 error not with npm itself.
19 error Tell the author that this fails on your system:
19 error     gulp clean && gulp compile && gulp
19 error You can get their info via:
19 error     npm owner ls PatternLabStarter
19 error There is likely additional logging output above.
20 verbose exit [ 1, true ]
